Performing C SOURCE FILE Test CMAKE_HAVE_LIBC_PTHREAD failed with the following output:
Change Dir: /home/alban/Documents/L3/projet/raytracing/cmake-build-debug/CMakeFiles/CMakeTmp

Run Build Command(s):/usr/bin/make cmTC_8dcb2/fast && /usr/bin/make  -f CMakeFiles/cmTC_8dcb2.dir/build.make CMakeFiles/cmTC_8dcb2.dir/build
make[1] : on entre dans le répertoire « /home/alban/Documents/L3/projet/raytracing/cmake-build-debug/CMakeFiles/CMakeTmp »
Building C object CMakeFiles/cmTC_8dcb2.dir/src.c.o
/usr/bin/cc   -DCMAKE_HAVE_LIBC_PTHREAD   -o CMakeFiles/cmTC_8dcb2.dir/src.c.o   -c /home/alban/Documents/L3/projet/raytracing/cmake-build-debug/CMakeFiles/CMakeTmp/src.c
Linking C executable cmTC_8dcb2
/snap/clion/128/bin/cmake/linux/bin/cmake -E cmake_link_script CMakeFiles/cmTC_8dcb2.dir/link.txt --verbose=1
/usr/bin/cc  -DCMAKE_HAVE_LIBC_PTHREAD    CMakeFiles/cmTC_8dcb2.dir/src.c.o  -o cmTC_8dcb2 
CMakeFiles/cmTC_8dcb2.dir/src.c.o : Dans la fonction « main » :
src.c:(.text+0x3e) : référence indéfinie vers « pthread_create »
src.c:(.text+0x4a) : référence indéfinie vers « pthread_detach »
src.c:(.text+0x56) : référence indéfinie vers « pthread_cancel »
src.c:(.text+0x67) : référence indéfinie vers « pthread_join »
src.c:(.text+0x7b) : référence indéfinie vers « pthread_atfork »
collect2: error: ld returned 1 exit status
CMakeFiles/cmTC_8dcb2.dir/build.make:106: recipe for target 'cmTC_8dcb2' failed
make[1]: *** [cmTC_8dcb2] Error 1
make[1] : on quitte le répertoire « /home/alban/Documents/L3/projet/raytracing/cmake-build-debug/CMakeFiles/CMakeTmp »
Makefile:141: recipe for target 'cmTC_8dcb2/fast' failed
make: *** [cmTC_8dcb2/fast] Error 2


Source file was:
#include <pthread.h>

void* test_func(void* data)
{
  return data;
}

int main(void)
{
  pthread_t thread;
  pthread_create(&thread, NULL, test_func, NULL);
  pthread_detach(thread);
  pthread_cancel(thread);
  pthread_join(thread, NULL);
  pthread_atfork(NULL, NULL, NULL);
  pthread_exit(NULL);

  return 0;
}

Determining if the function pthread_create exists in the pthreads failed with the following output:
Change Dir: /home/alban/Documents/L3/projet/raytracing/cmake-build-debug/CMakeFiles/CMakeTmp

Run Build Command(s):/usr/bin/make cmTC_e11f5/fast && /usr/bin/make  -f CMakeFiles/cmTC_e11f5.dir/build.make CMakeFiles/cmTC_e11f5.dir/build
make[1] : on entre dans le répertoire « /home/alban/Documents/L3/projet/raytracing/cmake-build-debug/CMakeFiles/CMakeTmp »
Building C object CMakeFiles/cmTC_e11f5.dir/CheckFunctionExists.c.o
/usr/bin/cc   -DCHECK_FUNCTION_EXISTS=pthread_create   -o CMakeFiles/cmTC_e11f5.dir/CheckFunctionExists.c.o   -c /snap/clion/128/bin/cmake/linux/share/cmake-3.17/Modules/CheckFunctionExists.c
Linking C executable cmTC_e11f5
/snap/clion/128/bin/cmake/linux/bin/cmake -E cmake_link_script CMakeFiles/cmTC_e11f5.dir/link.txt --verbose=1
/usr/bin/cc  -DCHECK_FUNCTION_EXISTS=pthread_create    CMakeFiles/cmTC_e11f5.dir/CheckFunctionExists.c.o  -o cmTC_e11f5  -lpthreads 
/usr/bin/ld : ne peut trouver -lpthreads
collect2: error: ld returned 1 exit status
CMakeFiles/cmTC_e11f5.dir/build.make:106: recipe for target 'cmTC_e11f5' failed
make[1]: *** [cmTC_e11f5] Error 1
make[1] : on quitte le répertoire « /home/alban/Documents/L3/projet/raytracing/cmake-build-debug/CMakeFiles/CMakeTmp »
Makefile:141: recipe for target 'cmTC_e11f5/fast' failed
make: *** [cmTC_e11f5/fast] Error 2



